

> lms-web@0.1.0 build
> next build

[1m[38;2;173;127;168m▲ Next.js 16.1.6[39m[22m (Turbopack)

[37m[1m [22m[39m Creating an optimized production build ...
[32m[1m✓[22m[39m Compiled successfully in 7.2s
[?25l[37m[1m [22m[39m Running TypeScript  [36m.[39m[2K[1G[1A[2K[1G[37m[1m [22m[39m Running TypeScript  [36m..[39m[2K[1G[1A[2K[1G[37m[1m [22m[39m Running TypeScript  [36m...[39m[2K[1G[1A[2K[1G[37m[1m [22m[39m Running TypeScript  [36m.[39m[2K[1G[1A[2K[1G[37m[1m [22m[39m Running TypeScript  [36m..[39m[2K[1G[1A[2K[1G[37m[1m [22m[39m Running TypeScript  [36m...[39m[2K[1G[1A[2K[1G[37m[1m [22m[39m Running TypeScript  [36m.[39m[2K[1G[1A[2K[1G[37m[1m [22m[39m Running TypeScript  [36m..[39m[2K[1G[1A[2K[1G[37m[1m [22m[39m Running TypeScript  [36m...[39m[2K[1G[1A[2K[1G[37m[1m [22m[39m Running TypeScript  [36m.[39m[2K[1G[1A[2K[1G[37m[1m [22m[39m Running TypeScript  [36m..[39m[2K[1G[1A[2K[1G[37m[1m [22m[39m Running TypeScript  [36m...[39m[2K[1G[1A[2K[1G[37m[1m [22m[39m Running TypeScript  [36m.[39m[2K[1G[1A[2K[1G[37m[1m [22m[39m Running TypeScript  [36m..[39m[2K[1G[1A[2K[1G[37m[1m [22m[39m Running TypeScript  [36m...[39m[2K[1G[1A[2K[1G[37m[1m [22m[39m Running TypeScript  [36m.[39m[2K[1G[1A[2K[1G[37m[1m [22m[39m Running TypeScript  [36m..[39m[2K[1G[1A[2K[1G[37m[1m [22m[39m Running TypeScript  [36m...[39m[2K[1G[1A[2K[1G[37m[1m [22m[39m Running TypeScript  [36m.[39m[2K[1G[1A[2K[1G[37m[1m [22m[39m Running TypeScript  [36m..[39m[2K[1G[1A[2K[1G[37m[1m [22m[39m Running TypeScript  [36m...[39m[2K[1G[1A[2K[1G[37m[1m [22m[39m Running TypeScript  [36m.[39m[2K[1G[1A[2K[1G[37m[1m [22m[39m Running TypeScript  [36m..[39m[2K[1G[1A[2K[1G[37m[1m [22m[39m Running TypeScript  [36m...[39m[2K[1G[1A[2K[1G[?25h[?25l[37m[1m [22m[39m Finished TypeScript in 4.7s  [36m.[39m[2K[1G[1A[2K[1G[?25h[37m[1m [22m[39m Finished TypeScript in 4.7s    [32m[1m✓[22m[39m Finished TypeScript in 4.7s 
[?25l[37m[1m [22m[39m Collecting page data using 7 workers  [36m.[39m[2K[1G[1A[2K[1G[1A[2K[1G[37m[1m [22m[39m Collecting page data using 7 workers  [36m..[39m[2K[1G[1A[2K[1G[1A[2K[1G[37m[1m [22m[39m Collecting page data using 7 workers  [36m...[39m[2K[1G[1A[2K[1G[1A[2K[1G[37m[1m [22m[39m Collecting page data using 7 workers  [36m.[39m[2K[1G[1A[2K[1G[1A[2K[1G[37m[1m [22m[39m Collecting page data using 7 workers  [36m..[39m[2K[1G[1A[2K[1G[1A[2K[1G[37m[1m [22m[39m Collecting page data using 7 workers  [36m...[39m[2K[1G[1A[2K[1G[1A[2K[1G[?25h[37m[1m [22m[39m Collecting page data using 7 workers in 1090.1ms    [32m[1m✓[22m[39m Collecting page data using 7 workers in 1090.1ms 
[?25l[37m[1m [22m[39m Generating static pages using 7 workers (0/11)  [36m[    ][39m[2K[1G[1A[2K[1G[1A[2K[1G[37m[1m [22m[39m Generating static pages using 7 workers (0/11)  [36m[=   ][39m[2K[1G[1A[2K[1G[1A[2K[1G[37m[1m [22m[39m Generating static pages using 7 workers (8/11)  [36m[==  ][39m[2K[1G[1A[2K[1G[1A[2K[1G[?25h[32m[1m✓[22m[39m Generating static pages using 7 workers (11/11) in 425.6ms
[?25l[37m[1m [22m[39m Finalizing page optimization  [36m.[39m[2K[1G[1A[2K[1G[?25h[37m[1m [22m[39m Finalizing page optimization in 22.9ms    [32m[1m✓[22m[39m Finalizing page optimization in 22.9ms 

[4mRoute (app)[24m
┌ ○ /
├ ○ /_not-found
├ ○ /admin
├ ○ /admin/billing
├ ○ /admin/branches
├ ○ /admin/classes
├ ƒ /admin/classes/[id]
├ ○ /admin/instructors
├ ○ /admin/settings
└ ○ /admin/students


○  (Static)   prerendered as static content
ƒ  (Dynamic)  server-rendered on demand

[?25h
